2016-01-28 13:05:01 Error: [Cake\Controller\Exception\MissingActionException] Action TicketsController::logout() could not be found, or is not accessible.
Exception Attributes: array (
  'controller' => 'TicketsController',
  'action' => 'logout',
  'prefix' => '',
  'plugin' => NULL,
)
Request URL: /tickets/tickets/logout
Stack Trace:
#0 C:\wamp\www\tickets\vendor\cakephp\cakephp\src\Routing\Dispatcher.php(114): Cake\Controller\Controller->invokeAction()
#1 C:\wamp\www\tickets\vendor\cakephp\cakephp\src\Routing\Dispatcher.php(87): Cake\Routing\Dispatcher->_invoke(Object(App\Controller\TicketsController))
#2 C:\wamp\www\tickets\webroot\index.php(37): Cake\Routing\Dispatcher->dispatch(Object(Cake\Network\Request), Object(Cake\Network\Response))
#3 {main}


2016-01-28 13:43:41 Error: Fatal Error (1): Call to a member function read() on a non-object in [C:\wamp\www\tickets\src\Template\Layout\default.ctp, line 46]
Trace:
Cake\Error\BaseErrorHandler::handleFatalError() - CORE\src\Error\BaseErrorHandler.php, line 191
Cake\Error\BaseErrorHandler::Cake\Error\{closure}() - CORE\src\Error\BaseErrorHandler.php, line 90
[main] - [internal], line ??



2016-01-28 13:43:41 Error: [Cake\Error\FatalErrorException] Call to a member function read() on a non-object
Request URL: /tickets/users/login
Stack Trace:
#0 C:\wamp\www\tickets\vendor\cakephp\cakephp\src\Error\BaseErrorHandler.php(90): Cake\Error\BaseErrorHandler->handleFatalError(1, 'Call to a membe...', 'C:\\wamp\\www\\tic...', 46)
#1 [internal function]: Cake\Error\BaseErrorHandler->Cake\Error\{closure}()
#2 {main}


2016-01-28 13:55:15 Error: [Cake\View\Exception\MissingHelperException] Helper class AuthHelper could not be found.
Exception Attributes: array (
  'class' => 'AuthHelper',
  'plugin' => NULL,
)
Request URL: /tickets/priorities/view/1
Stack Trace:
#0 C:\wamp\www\tickets\vendor\cakephp\cakephp\src\Core\ObjectRegistry.php(91): Cake\View\HelperRegistry->_throwMissingClassError('Auth', NULL)
#1 C:\wamp\www\tickets\vendor\cakephp\cakephp\src\View\HelperRegistry.php(66): Cake\Core\ObjectRegistry->load('Auth')
#2 C:\wamp\www\tickets\vendor\cakephp\cakephp\src\View\View.php(866): Cake\View\HelperRegistry->__isset('Auth')
#3 C:\wamp\www\tickets\src\Template\Layout\default.ctp(46): Cake\View\View->__get('Auth')
#4 C:\wamp\www\tickets\vendor\cakephp\cakephp\src\View\View.php(970): include('C:\\wamp\\www\\tic...')
#5 C:\wamp\www\tickets\vendor\cakephp\cakephp\src\View\View.php(930): Cake\View\View->_evaluate('C:\\wamp\\www\\tic...', Array)
#6 C:\wamp\www\tickets\vendor\cakephp\cakephp\src\View\View.php(624): Cake\View\View->_render('C:\\wamp\\www\\tic...')
#7 C:\wamp\www\tickets\vendor\cakephp\cakephp\src\View\View.php(583): Cake\View\View->renderLayout('', 'default')
#8 C:\wamp\www\tickets\vendor\cakephp\cakephp\src\Controller\Controller.php(611): Cake\View\View->render(NULL, NULL)
#9 C:\wamp\www\tickets\vendor\cakephp\cakephp\src\Routing\Dispatcher.php(120): Cake\Controller\Controller->render()
#10 C:\wamp\www\tickets\vendor\cakephp\cakephp\src\Routing\Dispatcher.php(87): Cake\Routing\Dispatcher->_invoke(Object(App\Controller\PrioritiesController))
#11 C:\wamp\www\tickets\webroot\index.php(37): Cake\Routing\Dispatcher->dispatch(Object(Cake\Network\Request), Object(Cake\Network\Response))
#12 {main}


2016-01-28 14:15:10 Error: Fatal Error (4): syntax error, unexpected 'echo' (T_ECHO) in [C:\wamp\www\tickets\src\Template\Layout\default.ctp, line 48]
Trace:
Cake\Error\BaseErrorHandler::handleFatalError() - CORE\src\Error\BaseErrorHandler.php, line 191
Cake\Error\BaseErrorHandler::Cake\Error\{closure}() - CORE\src\Error\BaseErrorHandler.php, line 90
[main] - [internal], line ??



2016-01-28 14:15:10 Error: [Cake\Error\FatalErrorException] syntax error, unexpected 'echo' (T_ECHO)
Request URL: /tickets/users
Stack Trace:
#0 C:\wamp\www\tickets\vendor\cakephp\cakephp\src\Error\BaseErrorHandler.php(90): Cake\Error\BaseErrorHandler->handleFatalError(4, 'syntax error, u...', 'C:\\wamp\\www\\tic...', 48)
#1 [internal function]: Cake\Error\BaseErrorHandler->Cake\Error\{closure}()
#2 {main}


2016-01-28 14:15:21 Error: Fatal Error (4): syntax error, unexpected 'echo' (T_ECHO) in [C:\wamp\www\tickets\src\Template\Layout\default.ctp, line 48]
Trace:
Cake\Error\BaseErrorHandler::handleFatalError() - CORE\src\Error\BaseErrorHandler.php, line 191
Cake\Error\BaseErrorHandler::Cake\Error\{closure}() - CORE\src\Error\BaseErrorHandler.php, line 90
[main] - [internal], line ??



2016-01-28 14:15:21 Error: [Cake\Error\FatalErrorException] syntax error, unexpected 'echo' (T_ECHO)
Request URL: /tickets/users
Stack Trace:
#0 C:\wamp\www\tickets\vendor\cakephp\cakephp\src\Error\BaseErrorHandler.php(90): Cake\Error\BaseErrorHandler->handleFatalError(4, 'syntax error, u...', 'C:\\wamp\\www\\tic...', 48)
#1 [internal function]: Cake\Error\BaseErrorHandler->Cake\Error\{closure}()
#2 {main}


2016-01-28 14:15:24 Error: Fatal Error (4): syntax error, unexpected 'echo' (T_ECHO) in [C:\wamp\www\tickets\src\Template\Layout\default.ctp, line 48]
Trace:
Cake\Error\BaseErrorHandler::handleFatalError() - CORE\src\Error\BaseErrorHandler.php, line 191
Cake\Error\BaseErrorHandler::Cake\Error\{closure}() - CORE\src\Error\BaseErrorHandler.php, line 90
[main] - [internal], line ??



2016-01-28 14:15:25 Error: [Cake\Error\FatalErrorException] syntax error, unexpected 'echo' (T_ECHO)
Request URL: /tickets/users
Stack Trace:
#0 C:\wamp\www\tickets\vendor\cakephp\cakephp\src\Error\BaseErrorHandler.php(90): Cake\Error\BaseErrorHandler->handleFatalError(4, 'syntax error, u...', 'C:\\wamp\\www\\tic...', 48)
#1 [internal function]: Cake\Error\BaseErrorHandler->Cake\Error\{closure}()
#2 {main}


2016-01-28 14:15:48 Error: Fatal Error (4): syntax error, unexpected 'echo' (T_ECHO) in [C:\wamp\www\tickets\src\Template\Layout\default.ctp, line 48]
Trace:
Cake\Error\BaseErrorHandler::handleFatalError() - CORE\src\Error\BaseErrorHandler.php, line 191
Cake\Error\BaseErrorHandler::Cake\Error\{closure}() - CORE\src\Error\BaseErrorHandler.php, line 90
[main] - [internal], line ??



2016-01-28 14:15:49 Error: [Cake\Error\FatalErrorException] syntax error, unexpected 'echo' (T_ECHO)
Request URL: /tickets/users
Stack Trace:
#0 C:\wamp\www\tickets\vendor\cakephp\cakephp\src\Error\BaseErrorHandler.php(90): Cake\Error\BaseErrorHandler->handleFatalError(4, 'syntax error, u...', 'C:\\wamp\\www\\tic...', 48)
#1 [internal function]: Cake\Error\BaseErrorHandler->Cake\Error\{closure}()
#2 {main}


2016-01-28 14:17:37 Error: Fatal Error (4): syntax error, unexpected 'echo' (T_ECHO) in [C:\wamp\www\tickets\src\Template\Layout\default.ctp, line 48]
Trace:
Cake\Error\BaseErrorHandler::handleFatalError() - CORE\src\Error\BaseErrorHandler.php, line 191
Cake\Error\BaseErrorHandler::Cake\Error\{closure}() - CORE\src\Error\BaseErrorHandler.php, line 90
[main] - [internal], line ??



2016-01-28 14:17:37 Error: [Cake\Error\FatalErrorException] syntax error, unexpected 'echo' (T_ECHO)
Request URL: /tickets/users
Stack Trace:
#0 C:\wamp\www\tickets\vendor\cakephp\cakephp\src\Error\BaseErrorHandler.php(90): Cake\Error\BaseErrorHandler->handleFatalError(4, 'syntax error, u...', 'C:\\wamp\\www\\tic...', 48)
#1 [internal function]: Cake\Error\BaseErrorHandler->Cake\Error\{closure}()
#2 {main}


2016-01-28 14:28:05 Error: Fatal Error (4): syntax error, unexpected '{', expecting ',' or ';' in [C:\wamp\www\tickets\src\Template\Layout\default.ctp, line 48]
Trace:
Cake\Error\BaseErrorHandler::handleFatalError() - CORE\src\Error\BaseErrorHandler.php, line 191
Cake\Error\BaseErrorHandler::Cake\Error\{closure}() - CORE\src\Error\BaseErrorHandler.php, line 90
[main] - [internal], line ??



2016-01-28 14:28:05 Error: [Cake\Error\FatalErrorException] syntax error, unexpected '{', expecting ',' or ';'
Request URL: /tickets/tickets
Stack Trace:
#0 C:\wamp\www\tickets\vendor\cakephp\cakephp\src\Error\BaseErrorHandler.php(90): Cake\Error\BaseErrorHandler->handleFatalError(4, 'syntax error, u...', 'C:\\wamp\\www\\tic...', 48)
#1 [internal function]: Cake\Error\BaseErrorHandler->Cake\Error\{closure}()
#2 {main}


2016-01-28 14:28:28 Error: Fatal Error (4): syntax error, unexpected '{', expecting ',' or ';' in [C:\wamp\www\tickets\src\Template\Layout\default.ctp, line 48]
Trace:
Cake\Error\BaseErrorHandler::handleFatalError() - CORE\src\Error\BaseErrorHandler.php, line 191
Cake\Error\BaseErrorHandler::Cake\Error\{closure}() - CORE\src\Error\BaseErrorHandler.php, line 90
[main] - [internal], line ??



2016-01-28 14:28:28 Error: [Cake\Error\FatalErrorException] syntax error, unexpected '{', expecting ',' or ';'
Request URL: /tickets/tickets
Stack Trace:
#0 C:\wamp\www\tickets\vendor\cakephp\cakephp\src\Error\BaseErrorHandler.php(90): Cake\Error\BaseErrorHandler->handleFatalError(4, 'syntax error, u...', 'C:\\wamp\\www\\tic...', 48)
#1 [internal function]: Cake\Error\BaseErrorHandler->Cake\Error\{closure}()
#2 {main}


2016-01-28 14:36:38 Error: Fatal Error (4): syntax error, unexpected 'if' (T_IF) in [C:\wamp\www\tickets\src\Template\Layout\default.ctp, line 49]
Trace:
Cake\Error\BaseErrorHandler::handleFatalError() - CORE\src\Error\BaseErrorHandler.php, line 191
Cake\Error\BaseErrorHandler::Cake\Error\{closure}() - CORE\src\Error\BaseErrorHandler.php, line 90
[main] - [internal], line ??



2016-01-28 14:36:39 Error: [Cake\Error\FatalErrorException] syntax error, unexpected 'if' (T_IF)
Request URL: /tickets/tickets
Stack Trace:
#0 C:\wamp\www\tickets\vendor\cakephp\cakephp\src\Error\BaseErrorHandler.php(90): Cake\Error\BaseErrorHandler->handleFatalError(4, 'syntax error, u...', 'C:\\wamp\\www\\tic...', 49)
#1 [internal function]: Cake\Error\BaseErrorHandler->Cake\Error\{closure}()
#2 {main}


2016-01-28 14:37:35 Error: Fatal Error (4): syntax error, unexpected 'echo' (T_ECHO) in [C:\wamp\www\tickets\src\Template\Layout\default.ctp, line 49]
Trace:
Cake\Error\BaseErrorHandler::handleFatalError() - CORE\src\Error\BaseErrorHandler.php, line 191
Cake\Error\BaseErrorHandler::Cake\Error\{closure}() - CORE\src\Error\BaseErrorHandler.php, line 90
[main] - [internal], line ??



2016-01-28 14:37:36 Error: [Cake\Error\FatalErrorException] syntax error, unexpected 'echo' (T_ECHO)
Request URL: /tickets/tickets
Stack Trace:
#0 C:\wamp\www\tickets\vendor\cakephp\cakephp\src\Error\BaseErrorHandler.php(90): Cake\Error\BaseErrorHandler->handleFatalError(4, 'syntax error, u...', 'C:\\wamp\\www\\tic...', 49)
#1 [internal function]: Cake\Error\BaseErrorHandler->Cake\Error\{closure}()
#2 {main}


2016-01-28 14:38:02 Error: Fatal Error (4): syntax error, unexpected 'echo' (T_ECHO) in [C:\wamp\www\tickets\src\Template\Layout\default.ctp, line 49]
Trace:
Cake\Error\BaseErrorHandler::handleFatalError() - CORE\src\Error\BaseErrorHandler.php, line 191
Cake\Error\BaseErrorHandler::Cake\Error\{closure}() - CORE\src\Error\BaseErrorHandler.php, line 90
[main] - [internal], line ??



2016-01-28 14:38:02 Error: [Cake\Error\FatalErrorException] syntax error, unexpected 'echo' (T_ECHO)
Request URL: /tickets/tickets
Stack Trace:
#0 C:\wamp\www\tickets\vendor\cakephp\cakephp\src\Error\BaseErrorHandler.php(90): Cake\Error\BaseErrorHandler->handleFatalError(4, 'syntax error, u...', 'C:\\wamp\\www\\tic...', 49)
#1 [internal function]: Cake\Error\BaseErrorHandler->Cake\Error\{closure}()
#2 {main}


2016-01-28 15:11:42 Error: Fatal Error (4): syntax error, unexpected 'echo' (T_ECHO) in [C:\wamp\www\tickets\src\Template\Layout\default.ctp, line 48]
Trace:
Cake\Error\BaseErrorHandler::handleFatalError() - CORE\src\Error\BaseErrorHandler.php, line 191
Cake\Error\BaseErrorHandler::Cake\Error\{closure}() - CORE\src\Error\BaseErrorHandler.php, line 90
[main] - [internal], line ??



2016-01-28 15:11:42 Error: [Cake\Error\FatalErrorException] syntax error, unexpected 'echo' (T_ECHO)
Request URL: /tickets/users/login
Stack Trace:
#0 C:\wamp\www\tickets\vendor\cakephp\cakephp\src\Error\BaseErrorHandler.php(90): Cake\Error\BaseErrorHandler->handleFatalError(4, 'syntax error, u...', 'C:\\wamp\\www\\tic...', 48)
#1 [internal function]: Cake\Error\BaseErrorHandler->Cake\Error\{closure}()
#2 {main}


2016-01-28 15:12:06 Error: Fatal Error (4): syntax error, unexpected 'echo' (T_ECHO) in [C:\wamp\www\tickets\src\Template\Layout\default.ctp, line 48]
Trace:
Cake\Error\BaseErrorHandler::handleFatalError() - CORE\src\Error\BaseErrorHandler.php, line 191
Cake\Error\BaseErrorHandler::Cake\Error\{closure}() - CORE\src\Error\BaseErrorHandler.php, line 90
[main] - [internal], line ??



2016-01-28 15:12:06 Error: [Cake\Error\FatalErrorException] syntax error, unexpected 'echo' (T_ECHO)
Request URL: /tickets/users/login
Stack Trace:
#0 C:\wamp\www\tickets\vendor\cakephp\cakephp\src\Error\BaseErrorHandler.php(90): Cake\Error\BaseErrorHandler->handleFatalError(4, 'syntax error, u...', 'C:\\wamp\\www\\tic...', 48)
#1 [internal function]: Cake\Error\BaseErrorHandler->Cake\Error\{closure}()
#2 {main}


2016-01-28 15:12:40 Error: Fatal Error (4): syntax error, unexpected 'echo' (T_ECHO) in [C:\wamp\www\tickets\src\Template\Layout\default.ctp, line 48]
Trace:
Cake\Error\BaseErrorHandler::handleFatalError() - CORE\src\Error\BaseErrorHandler.php, line 191
Cake\Error\BaseErrorHandler::Cake\Error\{closure}() - CORE\src\Error\BaseErrorHandler.php, line 90
[main] - [internal], line ??



2016-01-28 15:12:40 Error: [Cake\Error\FatalErrorException] syntax error, unexpected 'echo' (T_ECHO)
Request URL: /tickets/users/login
Stack Trace:
#0 C:\wamp\www\tickets\vendor\cakephp\cakephp\src\Error\BaseErrorHandler.php(90): Cake\Error\BaseErrorHandler->handleFatalError(4, 'syntax error, u...', 'C:\\wamp\\www\\tic...', 48)
#1 [internal function]: Cake\Error\BaseErrorHandler->Cake\Error\{closure}()
#2 {main}


2016-01-28 15:21:55 Error: [Cake\Controller\Exception\MissingActionException] Action TicketsController::logout() could not be found, or is not accessible.
Exception Attributes: array (
  'controller' => 'TicketsController',
  'action' => 'logout',
  'prefix' => '',
  'plugin' => NULL,
)
Request URL: /tickets/tickets/logout
Stack Trace:
#0 C:\wamp\www\tickets\vendor\cakephp\cakephp\src\Routing\Dispatcher.php(114): Cake\Controller\Controller->invokeAction()
#1 C:\wamp\www\tickets\vendor\cakephp\cakephp\src\Routing\Dispatcher.php(87): Cake\Routing\Dispatcher->_invoke(Object(App\Controller\TicketsController))
#2 C:\wamp\www\tickets\webroot\index.php(37): Cake\Routing\Dispatcher->dispatch(Object(Cake\Network\Request), Object(Cake\Network\Response))
#3 {main}


2016-01-28 16:17:38 Error: [Cake\Controller\Exception\MissingActionException] Action UsersController::signout() could not be found, or is not accessible.
Exception Attributes: array (
  'controller' => 'UsersController',
  'action' => 'signout',
  'prefix' => '',
  'plugin' => NULL,
)
Request URL: /tickets/users/signout
Stack Trace:
#0 C:\wamp\www\tickets\vendor\cakephp\cakephp\src\Routing\Dispatcher.php(114): Cake\Controller\Controller->invokeAction()
#1 C:\wamp\www\tickets\vendor\cakephp\cakephp\src\Routing\Dispatcher.php(87): Cake\Routing\Dispatcher->_invoke(Object(App\Controller\UsersController))
#2 C:\wamp\www\tickets\webroot\index.php(37): Cake\Routing\Dispatcher->dispatch(Object(Cake\Network\Request), Object(Cake\Network\Response))
#3 {main}


2016-01-28 16:17:51 Error: [Cake\Controller\Exception\MissingActionException] Action UsersController::signout() could not be found, or is not accessible.
Exception Attributes: array (
  'controller' => 'UsersController',
  'action' => 'signout',
  'prefix' => '',
  'plugin' => NULL,
)
Request URL: /tickets/users/signout
Stack Trace:
#0 C:\wamp\www\tickets\vendor\cakephp\cakephp\src\Routing\Dispatcher.php(114): Cake\Controller\Controller->invokeAction()
#1 C:\wamp\www\tickets\vendor\cakephp\cakephp\src\Routing\Dispatcher.php(87): Cake\Routing\Dispatcher->_invoke(Object(App\Controller\UsersController))
#2 C:\wamp\www\tickets\webroot\index.php(37): Cake\Routing\Dispatcher->dispatch(Object(Cake\Network\Request), Object(Cake\Network\Response))
#3 {main}


2016-01-28 18:35:03 Error: Fatal Error (4): syntax error, unexpected ':', expecting ')' in [C:\wamp\www\tickets\src\Template\Users\login.ctp, line 18]
Trace:
Cake\Error\BaseErrorHandler::handleFatalError() - CORE\src\Error\BaseErrorHandler.php, line 191
Cake\Error\BaseErrorHandler::Cake\Error\{closure}() - CORE\src\Error\BaseErrorHandler.php, line 90
[main] - [internal], line ??



2016-01-28 18:35:03 Error: [Cake\Error\FatalErrorException] syntax error, unexpected ':', expecting ')'
Request URL: /tickets/users/login
Stack Trace:
#0 C:\wamp\www\tickets\vendor\cakephp\cakephp\src\Error\BaseErrorHandler.php(90): Cake\Error\BaseErrorHandler->handleFatalError(4, 'syntax error, u...', 'C:\\wamp\\www\\tic...', 18)
#1 [internal function]: Cake\Error\BaseErrorHandler->Cake\Error\{closure}()
#2 {main}


